#
# A fatal error has been detected by the Java Runtime Environment:
#
#  EXCEPTION_ACCESS_VIOLATION (0xc0000005) at pc=0x00000000701082b5, pid=1792, tid=9284
#
# JRE version: Java(TM) SE Runtime Environment (8.0_45-b15) (build 1.8.0_45-b15)
# Java VM: Java HotSpot(TM) 64-Bit Server VM (25.45-b02 mixed mode windows-amd64 compressed oops)
# Problematic frame:
# V  [jvm.dll+0x1282b5]
#
# Failed to write core dump. Minidumps are not enabled by default on client versions of Windows
#
# If you would like to submit a bug report, please visit:
#   http://bugreport.java.com/bugreport/crash.jsp
#

---------------  T H R E A D  ---------------

Current thread (0x000000005636f800):  JavaThread "JDWP Transport Listener: dt_socket" daemon [_thread_in_vm, id=9284, stack(0x0000000056ed0000,0x0000000056fd0000)]

siginfo: ExceptionCode=0xc0000005, reading address 0xffffffffffffffff

Registers:
RAX=0x0000000056fcf501, RBX=0x000000005636f800, RCX=0x3b747365546e6f73, RDX=0x0000000000000000
RSP=0x0000000056fcf4c0, RBP=0x3b747365546e6f73, RSI=0x0000000056fcf5d8, RDI=0x0000000002538a70
R8 =0x000000005636f800, R9 =0x000000000000ff00, R10=0x0000000000000000, R11=0x00000099ffff0000
R12=0x0000000000000000, R13=0x0000000054f7fe58, R14=0x0000000000000000, R15=0x0000000000000000
RIP=0x00000000701082b5, EFLAGS=0x0000000000010202

Top of Stack: (sp=0x0000000056fcf4c0)
0x0000000056fcf4c0:   000000005636f800 000000005636f800
0x0000000056fcf4d0:   0000000056fcf588 000000007030c7db
0x0000000056fcf4e0:   000000005636f800 000000007032903d
0x0000000056fcf4f0:   0000000000000000 000000006d179155
0x0000000056fcf500:   0000000056415a08 000000006d18291e
0x0000000056fcf510:   000000005636f800 0000000000000000
0x0000000056fcf520:   0000000000000000 0000000000000000
0x0000000056fcf530:   3b747365546e6f73 000000006d181a15
0x0000000056fcf540:   0000000056fcf5d8 0000000056fcf5b0
0x0000000056fcf550:   0000000000000001 0000000056415a08
0x0000000056fcf560:   3b747365546e6f73 000000006d1653b3
0x0000000056fcf570:   0000000056fcf6a0 0000000000000001
0x0000000056fcf580:   0000000000000001 0000000056415a08
0x0000000056fcf590:   0000000000000009 0000000000000000
0x0000000056fcf5a0:   0000000000000000 0000000000000000
0x0000000056fcf5b0:   0000000000000001 000000006d165571 

Instructions: (pc=0x00000000701082b5)
0x0000000070108295:   cc cc cc cc cc cc cc cc cc cc cc 48 83 ec 28 48
0x00000000701082a5:   85 c9 75 07 33 c0 48 83 c4 28 c3 48 89 5c 24 20
0x00000000701082b5:   48 8b 19 48 85 db 74 20 48 83 fb 37 74 1a 48 8b
0x00000000701082c5:   13 48 8b cb ff 52 10 84 c0 74 0d 48 8b c3 48 8b 


Register to memory mapping:

RAX=0x0000000056fcf501 is pointing into the stack for thread: 0x000000005636f800
RBX=0x000000005636f800 is a thread
RCX=0x3b747365546e6f73 is an unknown value
RDX=0x0000000000000000 is an unknown value
RSP=0x0000000056fcf4c0 is pointing into the stack for thread: 0x000000005636f800
RBP=0x3b747365546e6f73 is an unknown value
RSI=0x0000000056fcf5d8 is pointing into the stack for thread: 0x000000005636f800
RDI=0x0000000002538a70 is an unknown value
R8 =0x000000005636f800 is a thread
R9 =0x000000000000ff00 is an unknown value
R10=0x0000000000000000 is an unknown value
R11=0x00000099ffff0000 is an unknown value
R12=0x0000000000000000 is an unknown value
R13=0x0000000054f7fe58 is an unknown value
R14=0x0000000000000000 is an unknown value
R15=0x0000000000000000 is an unknown value


Stack: [0x0000000056ed0000,0x0000000056fd0000],  sp=0x0000000056fcf4c0,  free space=1021k
Native frames: (J=compiled Java code, j=interpreted, Vv=VM code, C=native code)
V  [jvm.dll+0x1282b5]
V  [jvm.dll+0x34903d]
C  [jdwp.dll+0x21a15]
C  [jdwp.dll+0x53b3]
C  [jdwp.dll+0x5571]
C  [jdwp.dll+0xf0a8]
C  [jdwp.dll+0x1f2d5]
C  [jdwp.dll+0x1f4aa]
V  [jvm.dll+0x1bae98]
V  [jvm.dll+0x241984]
V  [jvm.dll+0x29853a]
C  [msvcr100.dll+0x21d9f]
C  [msvcr100.dll+0x21e3b]
C  [kernel32.dll+0x159ed]
C  [ntdll.dll+0x2b371]


---------------  P R O C E S S  ---------------

Java Threads: ( => current thread )
  0x000000000238a000 JavaThread "DestroyJavaVM" [_thread_blocked, id=7904, stack(0x00000000027f0000,0x00000000028f0000)]
  0x000000005a15c800 JavaThread "pool-1-thread-1" [_thread_blocked, id=9412, stack(0x0000000058c80000,0x0000000058d80000)]
  0x000000005a5d0800 JavaThread "Abandoned connection cleanup thread" daemon [_thread_blocked, id=10032, stack(0x00000000585c0000,0x00000000586c0000)]
  0x000000005640d000 JavaThread "Service Thread" daemon [_thread_blocked, id=10988, stack(0x00000000577c0000,0x00000000578c0000)]
  0x00000000563ed800 JavaThread "C1 CompilerThread2" daemon [_thread_blocked, id=5744, stack(0x0000000057690000,0x0000000057790000)]
  0x0000000056392800 JavaThread "C2 CompilerThread1" daemon [_thread_blocked, id=696, stack(0x00000000573e0000,0x00000000574e0000)]
  0x0000000056390000 JavaThread "C2 CompilerThread0" daemon [_thread_blocked, id=6284, stack(0x0000000056b60000,0x0000000056c60000)]
  0x0000000056381800 JavaThread "JDWP Command Reader" daemon [_thread_in_native, id=9484, stack(0x00000000571d0000,0x00000000572d0000)]
  0x000000005637e000 JavaThread "JDWP Event Helper Thread" daemon [_thread_blocked, id=10956, stack(0x0000000057020000,0x0000000057120000)]
=>0x000000005636f800 JavaThread "JDWP Transport Listener: dt_socket" daemon [_thread_in_vm, id=9284, stack(0x0000000056ed0000,0x0000000056fd0000)]
  0x0000000056362800 JavaThread "Attach Listener" daemon [_thread_blocked, id=3808, stack(0x0000000056a60000,0x0000000056b60000)]
  0x0000000054f7a800 JavaThread "Signal Dispatcher" daemon [_thread_blocked, id=10288, stack(0x0000000056920000,0x0000000056a20000)]
  0x0000000054f1a000 JavaThread "Finalizer" daemon [_thread_blocked, id=11000, stack(0x0000000055fa0000,0x00000000560a0000)]
  0x0000000054f13000 JavaThread "Reference Handler" daemon [_thread_blocked, id=10968, stack(0x0000000056250000,0x0000000056350000)]

Other Threads:
  0x0000000054f0d800 VMThread [stack: 0x0000000056130000,0x0000000056230000] [id=10536]
  0x0000000056410800 WatcherThread [stack: 0x0000000057520000,0x0000000057620000] [id=10628]

VM state:not at safepoint (normal execution)

VM Mutex/Monitor currently owned by a thread: None

Heap:
 PSYoungGen      total 40448K, used 8336K [0x00000000eaf80000, 0x00000000eed80000, 0x0000000100000000)
  eden space 32768K, 14% used [0x00000000eaf80000,0x00000000eb409860,0x00000000ecf80000)
  from space 7680K, 48% used [0x00000000ed700000,0x00000000eda9aa08,0x00000000ede80000)
  to   space 7680K, 0% used [0x00000000ecf80000,0x00000000ecf80000,0x00000000ed700000)
 ParOldGen       total 35328K, used 9191K [0x00000000c0e00000, 0x00000000c3080000, 0x00000000eaf80000)
  object space 35328K, 26% used [0x00000000c0e00000,0x00000000c16f9c30,0x00000000c3080000)
 Metaspace       used 25273K, capacity 25582K, committed 25856K, reserved 1071104K
  class space    used 3437K, capacity 3505K, committed 3584K, reserved 1048576K

Card table byte_map: [0x0000000011cb0000,0x0000000011eb0000] byte_map_base: 0x00000000116a9000

Marking Bits: (ParMarkBitMap*) 0x00000000707e4040
 Begin Bits: [0x00000000123f0000, 0x00000000133b8000)
 End Bits:   [0x00000000133b8000, 0x0000000014380000)

Polling page: 0x0000000000130000

CodeCache: size=245760Kb used=9616Kb max_used=9629Kb free=236143Kb
 bounds [0x00000000028f0000, 0x0000000003260000, 0x00000000118f0000]
 total_blobs=3078 nmethods=2606 adapters=392
 compilation: enabled

Compilation events (10 events):
Event: 6.566 Thread 0x00000000563ed800 2604       3       java.io.StringWriter::write (17 bytes)
Event: 6.567 Thread 0x00000000563ed800 nmethod 2604 0x00000000032430d0 code [0x0000000003243260, 0x0000000003243778]
Event: 6.589 Thread 0x0000000056390000 nmethod 2589 0x000000000324aed0 code [0x000000000324b180, 0x000000000324fa38]
Event: 6.597 Thread 0x0000000056392800 nmethod 2598 0x00000000032537d0 code [0x0000000003253a80, 0x0000000003255e60]
Event: 27.183 Thread 0x00000000563ed800 2606       3       java.lang.Character::isSurrogate (18 bytes)
Event: 27.183 Thread 0x00000000563ed800 nmethod 2606 0x000000000324ab50 code [0x000000000324aca0, 0x000000000324ae70]
Event: 27.183 Thread 0x00000000563ed800 2607       3       sun.nio.cs.UTF_8$Encoder::encodeArrayLoop (489 bytes)
Event: 27.188 Thread 0x00000000563ed800 nmethod 2607 0x00000000032441d0 code [0x00000000032447a0, 0x0000000003247e48]
Event: 66.827 Thread 0x0000000056392800 2608   !   4       java.lang.ref.ReferenceQueue::remove (125 bytes)
Event: 66.836 Thread 0x0000000056392800 nmethod 2608 0x000000000325bad0 code [0x000000000325bc40, 0x000000000325c4a8]

GC Heap History (10 events):
Event: 3.621 GC heap before
{Heap before GC invocations=5 (full 0):
 PSYoungGen      total 18944K, used 18941K [0x00000000eaf80000, 0x00000000ed480000, 0x0000000100000000)
  eden space 16384K, 100% used [0x00000000eaf80000,0x00000000ebf80000,0x00000000ebf80000)
  from space 2560K, 99% used [0x00000000ec200000,0x00000000ec47f428,0x00000000ec480000)
  to   space 2560K, 0% used [0x00000000ebf80000,0x00000000ebf80000,0x00000000ec200000)
 ParOldGen       total 44032K, used 3882K [0x00000000c0e00000, 0x00000000c3900000, 0x00000000eaf80000)
  object space 44032K, 8% used [0x00000000c0e00000,0x00000000c11ca8f0,0x00000000c3900000)
 Metaspace       used 14674K, capacity 14956K, committed 15232K, reserved 1062912K
  class space    used 2092K, capacity 2161K, committed 2176K, reserved 1048576K
Event: 3.630 GC heap after
Heap after GC invocations=5 (full 0):
 PSYoungGen      total 18944K, used 2533K [0x00000000eaf80000, 0x00000000edb80000, 0x0000000100000000)
  eden space 16384K, 0% used [0x00000000eaf80000,0x00000000eaf80000,0x00000000ebf80000)
  from space 2560K, 98% used [0x00000000ebf80000,0x00000000ec1f9418,0x00000000ec200000)
  to   space 6144K, 0% used [0x00000000ed580000,0x00000000ed580000,0x00000000edb80000)
 ParOldGen       total 44032K, used 5235K [0x00000000c0e00000, 0x00000000c3900000, 0x00000000eaf80000)
  object space 44032K, 11% used [0x00000000c0e00000,0x00000000c131cf50,0x00000000c3900000)
 Metaspace       used 14674K, capacity 14956K, committed 15232K, reserved 1062912K
  class space    used 2092K, capacity 2161K, committed 2176K, reserved 1048576K
}
Event: 4.956 GC heap before
{Heap before GC invocations=6 (full 0):
 PSYoungGen      total 18944K, used 18917K [0x00000000eaf80000, 0x00000000edb80000, 0x0000000100000000)
  eden space 16384K, 100% used [0x00000000eaf80000,0x00000000ebf80000,0x00000000ebf80000)
  from space 2560K, 98% used [0x00000000ebf80000,0x00000000ec1f9418,0x00000000ec200000)
  to   space 6144K, 0% used [0x00000000ed580000,0x00000000ed580000,0x00000000edb80000)
 ParOldGen       total 44032K, used 5235K [0x00000000c0e00000, 0x00000000c3900000, 0x00000000eaf80000)
  object space 44032K, 11% used [0x00000000c0e00000,0x00000000c131cf50,0x00000000c3900000)
 Metaspace       used 19106K, capacity 19374K, committed 19584K, reserved 1067008K
  class space    used 2639K, capacity 2675K, committed 2688K, reserved 1048576K
Event: 4.968 GC heap after
Heap after GC invocations=6 (full 0):
 PSYoungGen      total 22528K, used 6138K [0x00000000eaf80000, 0x00000000edb80000, 0x0000000100000000)
  eden space 16384K, 0% used [0x00000000eaf80000,0x00000000eaf80000,0x00000000ebf80000)
  from space 6144K, 99% used [0x00000000ed580000,0x00000000edb7e9d8,0x00000000edb80000)
  to   space 7168K, 0% used [0x00000000ecd80000,0x00000000ecd80000,0x00000000ed480000)
 ParOldGen       total 44032K, used 5594K [0x00000000c0e00000, 0x00000000c3900000, 0x00000000eaf80000)
  object space 44032K, 12% used [0x00000000c0e00000,0x00000000c13768d8,0x00000000c3900000)
 Metaspace       used 19106K, capacity 19374K, committed 19584K, reserved 1067008K
  class space    used 2639K, capacity 2675K, committed 2688K, reserved 1048576K
}
Event: 5.279 GC heap before
{Heap before GC invocations=7 (full 0):
 PSYoungGen      total 22528K, used 17564K [0x00000000eaf80000, 0x00000000edb80000, 0x0000000100000000)
  eden space 16384K, 69% used [0x00000000eaf80000,0x00000000ebaa8850,0x00000000ebf80000)
  from space 6144K, 99% used [0x00000000ed580000,0x00000000edb7e9d8,0x00000000edb80000)
  to   space 7168K, 0% used [0x00000000ecd80000,0x00000000ecd80000,0x00000000ed480000)
 ParOldGen       total 44032K, used 5594K [0x00000000c0e00000, 0x00000000c3900000, 0x00000000eaf80000)
  object space 44032K, 12% used [0x00000000c0e00000,0x00000000c13768d8,0x00000000c3900000)
 Metaspace       used 20954K, capacity 21166K, committed 21296K, reserved 1067008K
  class space    used 2886K, capacity 2931K, committed 2944K, reserved 1048576K
Event: 5.290 GC heap after
Heap after GC invocations=7 (full 0):
 PSYoungGen      total 37888K, used 5899K [0x00000000eaf80000, 0x00000000ede80000, 0x0000000100000000)
  eden space 30720K, 0% used [0x00000000eaf80000,0x00000000eaf80000,0x00000000ecd80000)
  from space 7168K, 82% used [0x00000000ecd80000,0x00000000ed342c90,0x00000000ed480000)
  to   space 7680K, 0% used [0x00000000ed700000,0x00000000ed700000,0x00000000ede80000)
 ParOldGen       total 44032K, used 6281K [0x00000000c0e00000, 0x00000000c3900000, 0x00000000eaf80000)
  object space 44032K, 14% used [0x00000000c0e00000,0x00000000c1422730,0x00000000c3900000)
 Metaspace       used 20954K, capacity 21166K, committed 21296K, reserved 1067008K
  class space    used 2886K, capacity 2931K, committed 2944K, reserved 1048576K
}
Event: 5.290 GC heap before
{Heap before GC invocations=8 (full 1):
 PSYoungGen      total 37888K, used 5899K [0x00000000eaf80000, 0x00000000ede80000, 0x0000000100000000)
  eden space 30720K, 0% used [0x00000000eaf80000,0x00000000eaf80000,0x00000000ecd80000)
  from space 7168K, 82% used [0x00000000ecd80000,0x00000000ed342c90,0x00000000ed480000)
  to   space 7680K, 0% used [0x00000000ed700000,0x00000000ed700000,0x00000000ede80000)
 ParOldGen       total 44032K, used 6281K [0x00000000c0e00000, 0x00000000c3900000, 0x00000000eaf80000)
  object space 44032K, 14% used [0x00000000c0e00000,0x00000000c1422730,0x00000000c3900000)
 Metaspace       used 20954K, capacity 21166K, committed 21296K, reserved 1067008K
  class space    used 2886K, capacity 2931K, committed 2944K, reserved 1048576K
Event: 5.352 GC heap after
Heap after GC invocations=8 (full 1):
 PSYoungGen      total 37888K, used 0K [0x00000000eaf80000, 0x00000000ede80000, 0x0000000100000000)
  eden space 30720K, 0% used [0x00000000eaf80000,0x00000000eaf80000,0x00000000ecd80000)
  from space 7168K, 0% used [0x00000000ecd80000,0x00000000ecd80000,0x00000000ed480000)
  to   space 7680K, 0% used [0x00000000ed700000,0x00000000ed700000,0x00000000ede80000)
 ParOldGen       total 35328K, used 9183K [0x00000000c0e00000, 0x00000000c3080000, 0x00000000eaf80000)
  object space 35328K, 25% used [0x00000000c0e00000,0x00000000c16f7c30,0x00000000c3080000)
 Metaspace       used 20954K, capacity 21166K, committed 21296K, reserved 1067008K
  class space    used 2886K, capacity 2931K, committed 2944K, reserved 1048576K
}
Event: 6.421 GC heap before
{Heap before GC invocations=9 (full 1):
 PSYoungGen      total 37888K, used 30720K [0x00000000eaf80000, 0x00000000ede80000, 0x0000000100000000)
  eden space 30720K, 100% used [0x00000000eaf80000,0x00000000ecd80000,0x00000000ecd80000)
  from space 7168K, 0% used [0x00000000ecd80000,0x00000000ecd80000,0x00000000ed480000)
  to   space 7680K, 0% used [0x00000000ed700000,0x00000000ed700000,0x00000000ede80000)
 ParOldGen       total 35328K, used 9183K [0x00000000c0e00000, 0x00000000c3080000, 0x00000000eaf80000)
  object space 35328K, 25% used [0x00000000c0e00000,0x00000000c16f7c30,0x00000000c3080000)
 Metaspace       used 24926K, capacity 25198K, committed 25472K, reserved 1071104K
  class space    used 3385K, capacity 3441K, committed 3456K, reserved 1048576K
Event: 6.436 GC heap after
Heap after GC invocations=9 (full 1):
 PSYoungGen      total 40448K, used 3690K [0x00000000eaf80000, 0x00000000eed80000, 0x0000000100000000)
  eden space 32768K, 0% used [0x00000000eaf80000,0x00000000eaf80000,0x00000000ecf80000)
  from space 7680K, 48% used [0x00000000ed700000,0x00000000eda9aa08,0x00000000ede80000)
  to   space 7680K, 0% used [0x00000000ecf80000,0x00000000ecf80000,0x00000000ed700000)
 ParOldGen       total 35328K, used 9191K [0x00000000c0e00000, 0x00000000c3080000, 0x00000000eaf80000)
  object space 35328K, 26% used [0x00000000c0e00000,0x00000000c16f9c30,0x00000000c3080000)
 Metaspace       used 24926K, capacity 25198K, committed 25472K, reserved 1071104K
  class space    used 3385K, capacity 3441K, committed 3456K, reserved 1048576K
}

Deoptimization events (10 events):
Event: 4.928 Thread 0x000000000238a000 Uncommon trap: reason=class_check action=maybe_recompile pc=0x0000000002ea256c method=java.util.LinkedHashMap.afterNodeInsertion(Z)V @ 15
Event: 5.685 Thread 0x000000000238a000 Uncommon trap: reason=unstable_if action=reinterpret pc=0x0000000002ec8e14 method=java.util.HashMap.resize()[Ljava/util/HashMap$Node; @ 206
Event: 5.897 Thread 0x000000000238a000 Uncommon trap: reason=unstable_if action=reinterpret pc=0x00000000030d0c08 method=java.lang.ThreadLocal.get()Ljava/lang/Object; @ 11
Event: 6.222 Thread 0x000000000238a000 Uncommon trap: reason=bimorphic action=maybe_recompile pc=0x0000000003126b6c method=java.util.regex.Pattern$Start.match(Ljava/util/regex/Matcher;ILjava/lang/CharSequence;)Z @ 44
Event: 6.222 Thread 0x000000000238a000 Uncommon trap: reason=bimorphic action=maybe_recompile pc=0x0000000003126b6c method=java.util.regex.Pattern$Start.match(Ljava/util/regex/Matcher;ILjava/lang/CharSequence;)Z @ 44
Event: 6.513 Thread 0x000000000238a000 Uncommon trap: reason=unstable_if action=reinterpret pc=0x00000000031f03d8 method=java.util.regex.Pattern$Curly.match0(Ljava/util/regex/Matcher;IILjava/lang/CharSequence;)Z @ 34
Event: 6.513 Thread 0x000000000238a000 Uncommon trap: reason=unstable_if action=reinterpret pc=0x00000000031b12b8 method=java.util.Formatter$Flags.contains(Ljava/util/Formatter$Flags;)Z @ 13
Event: 6.560 Thread 0x000000000238a000 Uncommon trap: reason=range_check action=none pc=0x0000000002b42c0c method=sun.reflect.generics.parser.SignatureParser.current()C @ 34
Event: 6.561 Thread 0x000000000238a000 Uncommon trap: reason=range_check action=none pc=0x0000000002b42c0c method=sun.reflect.generics.parser.SignatureParser.current()C @ 34
Event: 27.182 Thread 0x000000000238a000 Uncommon trap: reason=unstable_if action=reinterpret pc=0x0000000003202d78 method=sun.nio.cs.UTF_8$Encoder.encodeArrayLoop(Ljava/nio/CharBuffer;Ljava/nio/ByteBuffer;)Ljava/nio/charset/CoderResult; @ 87

Internal exceptions (10 events):
Event: 2.449 Thread 0x000000000238a000 Exception <a 'java/lang/ArrayIndexOutOfBoundsException': 71> (0x00000000eb7e54f0) thrown at [C:\re\workspace\8-2-build-windows-amd64-cygwin\jdk8u45\3627\hotspot\src\share\vm\interpreter\interpreterRuntime.cpp, line 366]
Event: 2.453 Thread 0x000000000238a000 Exception <a 'java/lang/ArrayIndexOutOfBoundsException': 81> (0x00000000eb8061c0) thrown at [C:\re\workspace\8-2-build-windows-amd64-cygwin\jdk8u45\3627\hotspot\src\share\vm\interpreter\interpreterRuntime.cpp, line 366]
Event: 2.456 Thread 0x000000000238a000 Exception <a 'java/lang/ArrayIndexOutOfBoundsException': 42> (0x00000000eb817648) thrown at [C:\re\workspace\8-2-build-windows-amd64-cygwin\jdk8u45\3627\hotspot\src\share\vm\interpreter\interpreterRuntime.cpp, line 366]
Event: 2.460 Thread 0x000000000238a000 Exception <a 'java/lang/ArrayIndexOutOfBoundsException': 158> (0x00000000eb82b298) thrown at [C:\re\workspace\8-2-build-windows-amd64-cygwin\jdk8u45\3627\hotspot\src\share\vm\interpreter\interpreterRuntime.cpp, line 366]
Event: 4.449 Thread 0x000000000238a000 Exception <a 'java/lang/NullPointerException'> (0x00000000ebb6a0d8) thrown at [C:\re\workspace\8-2-build-windows-amd64-cygwin\jdk8u45\3627\hotspot\src\share\vm\runtime\reflection.cpp, line 921]
Event: 5.613 Thread 0x000000000238a000 Exception <a 'java/lang/NoSuchFieldError': method resolution failed> (0x00000000eb4ede48) thrown at [C:\re\workspace\8-2-build-windows-amd64-cygwin\jdk8u45\3627\hotspot\src\share\vm\prims\methodHandles.cpp, line 1125]
Event: 5.628 Thread 0x000000000238a000 Exception <a 'java/lang/NoSuchFieldError': method resolution failed> (0x00000000eb4fc778) thrown at [C:\re\workspace\8-2-build-windows-amd64-cygwin\jdk8u45\3627\hotspot\src\share\vm\prims\methodHandles.cpp, line 1125]
Event: 5.897 Thread 0x000000000238a000 Implicit null exception at 0x00000000030d0a4a to 0x00000000030d0bf5
Event: 6.561 Thread 0x000000000238a000 Exception <a 'java/lang/ArrayIndexOutOfBoundsException': 119> (0x00000000eb298ab8) thrown at [C:\re\workspace\8-2-build-windows-amd64-cygwin\jdk8u45\3627\hotspot\src\share\vm\interpreter\interpreterRuntime.cpp, line 366]
Event: 6.561 Thread 0x000000000238a000 Exception <a 'java/lang/ArrayIndexOutOfBoundsException': 40> (0x00000000eb2996a0) thrown at [C:\re\workspace\8-2-build-windows-amd64-cygwin\jdk8u45\3627\hotspot\src\share\vm\interpreter\interpreterRuntime.cpp, line 366]

Events (10 events):
Event: 27.183 Thread 0x00000000563ed800 flushing nmethod 0x00000000029f2150
Event: 27.183 Thread 0x00000000563ed800 flushing nmethod 0x00000000029fbad0
Event: 27.187 Thread 0x000000000238a000 Thread exited: 0x000000000238a000
Event: 27.187 Thread 0x000000000238a000 Thread added: 0x000000000238a000
Event: 78.133 Executing VM operation: RedefineClasses
Event: 78.155 Executing VM operation: RedefineClasses done
Event: 78.171 Executing VM operation: ChangeBreakpoints
Event: 78.173 Executing VM operation: ChangeBreakpoints done
Event: 94.558 Executing VM operation: RedefineClasses
Event: 94.580 Executing VM operation: RedefineClasses done


Dynamic libraries:
0x000000013fd60000 - 0x000000013fd97000 	C:\Program Files\Java\jdk1.8.0_45\bin\javaw.exe
0x0000000077100000 - 0x00000000772aa000 	C:\windows\SYSTEM32\ntdll.dll
0x0000000076ea0000 - 0x0000000076fbf000 	C:\windows\system32\kernel32.dll
0x000007fefcf10000 - 0x000007fefcf7b000 	C:\windows\system32\KERNELBASE.dll
0x000007fefd7a0000 - 0x000007fefd87b000 	C:\windows\system32\ADVAPI32.dll
0x000007fefdb30000 - 0x000007fefdbcf000 	C:\windows\system32\msvcrt.dll
0x000007fefd780000 - 0x000007fefd79f000 	C:\windows\SYSTEM32\sechost.dll
0x000007fefd880000 - 0x000007fefd9ad000 	C:\windows\system32\RPCRT4.dll
0x0000000076da0000 - 0x0000000076e9a000 	C:\windows\system32\USER32.dll
0x000007fefdea0000 - 0x000007fefdf07000 	C:\windows\system32\GDI32.dll
0x000007fefd9b0000 - 0x000007fefd9be000 	C:\windows\system32\LPK.dll
0x000007fefda40000 - 0x000007fefdb0a000 	C:\windows\system32\USP10.dll
0x000007fefb3d0000 - 0x000007fefb5c4000 	C:\windows\WinSxS\amd64_microsoft.windows.common-controls_6595b64144ccf1df_6.0.7601.17514_none_fa396087175ac9ac\COMCTL32.dll
0x000007fefdca0000 - 0x000007fefdd11000 	C:\windows\system32\SHLWAPI.dll
0x000007fefdbd0000 - 0x000007fefdbfe000 	C:\windows\system32\IMM32.DLL
0x000007fefee90000 - 0x000007fefef99000 	C:\windows\system32\MSCTF.dll
0x0000000078ab0000 - 0x0000000078b82000 	C:\Program Files\Java\jdk1.8.0_45\jre\bin\msvcr100.dll
0x000000006ffe0000 - 0x0000000070863000 	C:\Program Files\Java\jdk1.8.0_45\jre\bin\server\jvm.dll
0x000007fefa3e0000 - 0x000007fefa3e9000 	C:\windows\system32\WSOCK32.dll
0x000007fefddb0000 - 0x000007fefddfd000 	C:\windows\system32\WS2_32.dll
0x000007fefdf10000 - 0x000007fefdf18000 	C:\windows\system32\NSI.dll
0x000007fefd000000 - 0x000007fefd03b000 	C:\windows\system32\WINMM.dll
0x000007fefbd20000 - 0x000007fefbd2c000 	C:\windows\system32\VERSION.dll
0x00000000772d0000 - 0x00000000772d7000 	C:\windows\system32\PSAPI.DLL
0x00000000624e0000 - 0x00000000624ef000 	C:\Program Files\Java\jdk1.8.0_45\jre\bin\verify.dll
0x000000006d820000 - 0x000000006d849000 	C:\Program Files\Java\jdk1.8.0_45\jre\bin\java.dll
0x000000006d160000 - 0x000000006d195000 	C:\Program Files\Java\jdk1.8.0_45\jre\bin\jdwp.dll
0x000000005e000000 - 0x000000005e008000 	C:\Program Files\Java\jdk1.8.0_45\jre\bin\npt.dll
0x0000000000180000 - 0x0000000000196000 	C:\Program Files\Java\jdk1.8.0_45\jre\bin\zip.dll
0x000007fefdf20000 - 0x000007fefeca9000 	C:\windows\system32\SHELL32.dll
0x000007fefd2a0000 - 0x000007fefd4a3000 	C:\windows\system32\ole32.dll
0x000007fefcc50000 - 0x000007fefcc5f000 	C:\windows\system32\profapi.dll
0x0000000058ee0000 - 0x0000000058ee9000 	C:\Program Files\Java\jdk1.8.0_45\jre\bin\dt_socket.dll
0x000007fefae90000 - 0x000007fefaea5000 	C:\windows\system32\NLAapi.dll
0x000007fefa720000 - 0x000007fefa735000 	C:\windows\system32\napinsp.dll
0x000007fefa640000 - 0x000007fefa659000 	C:\windows\system32\pnrpnsp.dll
0x000007fefc430000 - 0x000007fefc485000 	C:\windows\System32\mswsock.dll
0x000007fefc2b0000 - 0x000007fefc30b000 	C:\windows\system32\DNSAPI.dll
0x000007fefa7e0000 - 0x000007fefa7eb000 	C:\windows\System32\winrnr.dll
0x000007fefa6d0000 - 0x000007fefa6e0000 	C:\windows\system32\wshbth.dll
0x000007fefa4c0000 - 0x000007fefa4e7000 	C:\windows\system32\IPHLPAPI.DLL
0x000007fefa4b0000 - 0x000007fefa4bb000 	C:\windows\system32\WINNSI.DLL
0x000007fefa150000 - 0x000007fefa1a3000 	C:\windows\System32\fwpuclnt.dll
0x000007fef5730000 - 0x000007fef5738000 	C:\windows\system32\rasadhlp.dll
0x000007fefbe10000 - 0x000007fefbe17000 	C:\windows\System32\wshtcpip.dll
0x000000006f430000 - 0x000000006f44a000 	C:\Program Files\Java\jdk1.8.0_45\jre\bin\net.dll
0x000007fefc420000 - 0x000007fefc427000 	C:\windows\System32\wship6.dll
0x000007fefc490000 - 0x000007fefc4a7000 	C:\windows\system32\CRYPTSP.dll
0x000007fefc190000 - 0x000007fefc1d7000 	C:\windows\system32\rsaenh.dll
0x000007fefcd50000 - 0x000007fefcd6e000 	C:\windows\system32\USERENV.dll
0x000007fefcaf0000 - 0x000007fefcaff000 	C:\windows\system32\CRYPTBASE.dll
0x000007fefa0d0000 - 0x000007fefa0e1000 	C:\windows\system32\dhcpcsvc6.DLL
0x000007fefa0b0000 - 0x000007fefa0c8000 	C:\windows\system32\dhcpcsvc.DLL
0x000000006f5e0000 - 0x000000006f5f1000 	C:\Program Files\Java\jdk1.8.0_45\jre\bin\nio.dll
0x000007fef6950000 - 0x000007fef6a75000 	C:\windows\system32\dbghelp.dll

VM Arguments:
jvm_args: -agentlib:jdwp=transport=dt_socket,suspend=y,address=localhost:62739 -Dmaven.multiModuleProjectDirectory=$M2_HOME -Dfile.encoding=UTF-8 
java_command: ajax.test.GsonTest
java_class_path (initial): G:\XAMPP\htdocs\Github\meAjax\java_demo\Pengfu\target\classes;G:\XAMPP\htdocs\Github\meAjax\java_demo\Pengfu\WebRoot\WEB-INF\lib\mysql-connector-java-5.1.38-bin.jar;G:\XAMPP\htdocs\Github\meAjax\java_demo\Pengfu\WebRoot\WEB-INF\lib\jsoup-1.8.3.jar;G:\XAMPP\htdocs\Github\meAjax\java_demo\Pengfu\WebRoot\WEB-INF\lib\httpclient-4.5.2.jar;G:\XAMPP\htdocs\Github\meAjax\java_demo\Pengfu\WebRoot\WEB-INF\lib\httpcore-4.4.4.jar;G:\XAMPP\htdocs\Github\meAjax\java_demo\Pengfu\WebRoot\WEB-INF\lib\commons-logging-1.2.jar;G:\XAMPP\htdocs\Github\meAjax\java_demo\Pengfu\WebRoot\WEB-INF\lib\commons-codec-1.9.jar;G:\XAMPP\htdocs\Github\meAjax\java_demo\Pengfu\WebRoot\WEB-INF\lib\jstl-1.2.jar;G:\XAMPP\htdocs\Github\meAjax\java_demo\Pengfu\WebRoot\WEB-INF\lib\javax.servlet-api-4.0.0-b01.jar;G:\XAMPP\htdocs\Github\mavenRepository\junit\junit\4.12\junit-4.12.jar;G:\XAMPP\htdocs\Github\mavenRepository\org\hamcrest\hamcrest-core\1.3\hamcrest-core-1.3.jar;G:\XAMPP\htdocs\Github\mavenRepository\jstl\jstl\1.2\jstl-1.2.jar;G:\XAMPP\htdocs\Github\mavenRepository\javax\servlet\javax.servlet-api\3.1.0\javax.servlet-api-3.1.0.jar;G:\XAMPP\htdocs\Github\mavenRepository\org\hibernate\hibernate-core\5.1.0.Final\hibernate-core-5.1.0.Final.jar;G:\XAMPP\htdocs\Github\mavenRepository\org\jboss\logging\jboss-logging\3.3.0.Final\jboss-logging-3.3.0.Final.jar;G:\XAMPP\htdocs\Github\mavenRepository\org\hibernate\javax\persistence\hibernate-jpa-2.1-api\1.0.0.Final\hibernate-jpa-2.1-api-1.0.0.Final.jar;G:\XAMPP\htdocs\Github\mavenRepository\org\javassist\javassist\3.20.0-GA\javassist-3.20.0-GA.jar;G:\XAMPP\htdocs\Github\mavenRepository\antlr\antlr\2.7.7\antlr-2.7.7.jar;G:\XAMPP\htdocs\Github\mavenRepository\org\apache\geronimo\specs\geronimo-jta_1.1_spec\1.1.1\geronimo-jta_1.1_spec-1.1.1.jar;G:\XAMPP\htdocs\Github\mavenRepository\org\jboss\jandex\2.0.0.Final\jandex-2.0.0.Final.jar;G:\XAMPP\htdocs\Github\mavenRepository\com\fasterxml\classmate\1.3.0\classmate-1.3.0.jar;G:\XAMPP\htdoc
Launcher Type: SUN_STANDARD

Environment Variables:
JAVA_HOME=C:\Program Files\Java\jdk1.8.0_45
CLASSPATH=.;C:\Program Files\Java\jdk1.8.0_45\lib;C:\Program Files\Java\jdk1.8.0_45\lib\tools.jar
PATH=C:\Program Files\Java\jdk1.8.0_45\jre\bin;C:\ProgramData\Oracle\Java\javapath;C:\Program Files\Java\jdk1.8.0_45\bin;C:\Program Files (x86)\AMD APP\bin\x86_64;C:\Program Files (x86)\AMD APP\bin\x86;C:\windows\system32;C:\windows;C:\windows\System32\Wbem;C:\windows\System32\WindowsPowerShell\v1.0\;C:\Program Files\Intel\WiFi\bin\;C:\Program Files\Common Files\Intel\WirelessCommon\;C:\Program Files (x86)\ATI Technologies\ATI.ACE\Core-Static;C:\Program Files (x86)\Git\cmd;C:\Program Files (x86)\Windows Kits\10\Windows Performance Toolkit\;C:\windows\system32\config\systemprofile\.dnx\bin;C:\Program Files\Microsoft DNX\Dnvm\;C:\Program Files\nodejs\;C:\xampp\php;C:\ProgramData\ComposerSetup\bin;C:\Program Files\Intel\WiFi\bin\;C:\Program Files\Common Files\Intel\WirelessCommon\;C:\Users\ajax\AppData\Roaming\npm;C:\Users\ajax\Documents\Green;G:\XAMPP\htdocs\Github\nodejs\npm;C:\Users\ajax\Downloads\jetpack-sdk-latest\addon-sdk-1.17\bin;C:\Python27;C:\xampp\mysql\bin;D:\curl-7.47.1;E:\apache-maven-3.3.9\bin
USERNAME=ajax
OS=Windows_NT
PROCESSOR_IDENTIFIER=Intel64 Family 6 Model 42 Stepping 7, GenuineIntel



---------------  S Y S T E M  ---------------

OS: Windows 7 , 64 bit Build 7601 (6.1.7601.19160)

CPU:total 4 (2 cores per cpu, 2 threads per core) family 6 model 42 stepping 7, cmov, cx8, fxsr, mmx, sse, sse2, sse3, ssse3, sse4.1, sse4.2, popcnt, avx, aes, clmul, ht, tsc, tscinvbit

Memory: 4k page, physical 4136816k(348744k free), swap 9412928k(808876k free)

vm_info: Java HotSpot(TM) 64-Bit Server VM (25.45-b02) for windows-amd64 JRE (1.8.0_45-b15), built on Apr 30 2015 12:40:44 by "java_re" with MS VC++ 10.0 (VS2010)

time: Sun Apr 10 10:54:25 2016
elapsed time: 94 seconds (0d 0h 1m 34s)

